<?xml version="1.0" encoding="UTF-8"?>
<coverage generated="1652111968764" clover="3.2.0">
  <project timestamp="1652111968764" name="All files">
    <metrics statements="30" coveredstatements="20" conditionals="10" coveredconditionals="2" methods="6" coveredmethods="2" elements="46" coveredelements="24" complexity="0" loc="30" ncloc="30" packages="2" files="2" classes="2"/>
    <package name="server">
      <metrics statements="14" coveredstatements="13" conditionals="4" coveredconditionals="2" methods="2" coveredmethods="1"/>
      <file name="server.js" path="/Users/kpoorman/src/layercake/server/server.js">
        <metrics statements="14" coveredstatements="13" conditionals="4" coveredconditionals="2" methods="2" coveredmethods="1"/>
        <line num="1" count="1" type="stmt"/>
        <line num="2" count="1" type="stmt"/>
        <line num="3" count="1" type="stmt"/>
        <line num="4" count="1" type="stmt"/>
        <line num="5" count="1" type="cond" truecount="2" falsecount="0"/>
        <line num="6" count="1" type="stmt"/>
        <line num="7" count="1" type="stmt"/>
        <line num="8" count="1" type="stmt"/>
        <line num="10" count="1" type="stmt"/>
        <line num="12" count="1" type="stmt"/>
        <line num="14" count="1" type="stmt"/>
        <line num="15" count="0" type="cond" truecount="0" falsecount="2"/>
        <line num="17" count="1" type="stmt"/>
        <line num="19" count="1" type="stmt"/>
      </file>
    </package>
    <package name="server.routes">
      <metrics statements="16" coveredstatements="7" conditionals="6" coveredconditionals="0" methods="4" coveredmethods="1"/>
      <file name="record.js" path="/Users/kpoorman/src/layercake/server/routes/record.js">
        <metrics statements="16" coveredstatements="7" conditionals="6" coveredconditionals="0" methods="4" coveredmethods="1"/>
        <line num="1" count="1" type="stmt"/>
        <line num="6" count="1" type="stmt"/>
        <line num="9" count="1" type="stmt"/>
        <line num="12" count="1" type="stmt"/>
        <line num="13" count="1" type="stmt"/>
        <line num="14" count="0" type="stmt"/>
        <line num="17" count="0" type="cond" truecount="0" falsecount="2"/>
        <line num="18" count="0" type="stmt"/>
        <line num="23" count="1" type="stmt"/>
        <line num="24" count="0" type="stmt"/>
        <line num="25" count="0" type="cond" truecount="0" falsecount="2"/>
        <line num="26" count="0" type="stmt"/>
        <line num="30" count="0" type="stmt"/>
        <line num="31" count="0" type="cond" truecount="0" falsecount="2"/>
        <line num="32" count="0" type="stmt"/>
        <line num="36" count="1" type="stmt"/>
      </file>
    </package>
  </project>
</coverage>
