{"/Users/kpoorman/src/layercake/server/server.js": {"path":"/Users/kpoorman/src/layercake/server/server.js","statementMap":{"0":{"start":{"line":1,"column":16},"end":{"line":1,"column":34}},"1":{"start":{"line":2,"column":12},"end":{"line":2,"column":21}},"2":{"start":{"line":3,"column":13},"end":{"line":3,"column":28}},"3":{"start":{"line":4,"column":0},"end":{"line":4,"column":50}},"4":{"start":{"line":5,"column":13},"end":{"line":5,"column":37}},"5":{"start":{"line":6,"column":0},"end":{"line":6,"column":15}},"6":{"start":{"line":7,"column":0},"end":{"line":7,"column":23}},"7":{"start":{"line":8,"column":0},"end":{"line":8,"column":35}},"8":{"start":{"line":10,"column":12},"end":{"line":10,"column":50}},"9":{"start":{"line":12,"column":15},"end":{"line":18,"column":2}},"10":{"start":{"line":14,"column":4},"end":{"line":16,"column":6}},"11":{"start":{"line":15,"column":8},"end":{"line":15,"column":35}},"12":{"start":{"line":15,"column":17},"end":{"line":15,"column":35}},"13":{"start":{"line":17,"column":4},"end":{"line":17,"column":53}},"14":{"start":{"line":19,"column":0},"end":{"line":19,"column":23}}},"fnMap":{"0":{"name":"(anonymous_0)","decl":{"start":{"line":12,"column":32},"end":{"line":12,"column":33}},"loc":{"start":{"line":12,"column":38},"end":{"line":18,"column":1}},"line":12},"1":{"name":"(anonymous_1)","decl":{"start":{"line":14,"column":24},"end":{"line":14,"column":25}},"loc":{"start":{"line":14,"column":33},"end":{"line":16,"column":5}},"line":14}},"branchMap":{"0":{"loc":{"start":{"line":5,"column":13},"end":{"line":5,"column":37}},"type":"binary-expr","locations":[{"start":{"line":5,"column":13},"end":{"line":5,"column":29}},{"start":{"line":5,"column":33},"end":{"line":5,"column":37}}],"line":5},"1":{"loc":{"start":{"line":15,"column":8},"end":{"line":15,"column":35}},"type":"if","locations":[{"start":{"line":15,"column":8},"end":{"line":15,"column":35}},{"start":{},"end":{}}],"line":15}},"s":{"0":1,"1":1,"2":1,"3":1,"4":1,"5":1,"6":1,"7":1,"8":1,"9":1,"10":1,"11":0,"12":0,"13":1,"14":1},"f":{"0":1,"1":0},"b":{"0":[1,1],"1":[0,0]},"_coverageSchema":"1a1c01bbd47fc00a2c39e90264f33305004495a9","hash":"8206c8872381e469b15eff830b08c16f2a5c0f89"}
,"/Users/kpoorman/src/layercake/server/routes/record.js": {"path":"/Users/kpoorman/src/layercake/server/routes/record.js","statementMap":{"0":{"start":{"line":1,"column":16},"end":{"line":1,"column":34}},"1":{"start":{"line":6,"column":21},"end":{"line":6,"column":37}},"2":{"start":{"line":9,"column":20},"end":{"line":9,"column":59}},"3":{"start":{"line":12,"column":0},"end":{"line":20,"column":2}},"4":{"start":{"line":13,"column":14},"end":{"line":13,"column":43}},"5":{"start":{"line":14,"column":4},"end":{"line":19,"column":10}},"6":{"start":{"line":17,"column":12},"end":{"line":17,"column":30}},"7":{"start":{"line":17,"column":21},"end":{"line":17,"column":30}},"8":{"start":{"line":18,"column":12},"end":{"line":18,"column":28}},"9":{"start":{"line":23,"column":0},"end":{"line":34,"column":2}},"10":{"start":{"line":24,"column":23},"end":{"line":24,"column":42}},"11":{"start":{"line":25,"column":15},"end":{"line":25,"column":72}},"12":{"start":{"line":26,"column":22},"end":{"line":29,"column":5}},"13":{"start":{"line":30,"column":4},"end":{"line":33,"column":6}},"14":{"start":{"line":31,"column":8},"end":{"line":31,"column":26}},"15":{"start":{"line":31,"column":17},"end":{"line":31,"column":26}},"16":{"start":{"line":32,"column":8},"end":{"line":32,"column":26}},"17":{"start":{"line":36,"column":0},"end":{"line":36,"column":29}}},"fnMap":{"0":{"name":"(anonymous_0)","decl":{"start":{"line":12,"column":34},"end":{"line":12,"column":35}},"loc":{"start":{"line":12,"column":54},"end":{"line":20,"column":1}},"line":12},"1":{"name":"(anonymous_1)","decl":{"start":{"line":16,"column":17},"end":{"line":16,"column":18}},"loc":{"start":{"line":16,"column":34},"end":{"line":19,"column":9}},"line":16},"2":{"name":"(anonymous_2)","decl":{"start":{"line":23,"column":39},"end":{"line":23,"column":40}},"loc":{"start":{"line":23,"column":53},"end":{"line":34,"column":1}},"line":23},"3":{"name":"(anonymous_3)","decl":{"start":{"line":30,"column":59},"end":{"line":30,"column":60}},"loc":{"start":{"line":30,"column":78},"end":{"line":33,"column":5}},"line":30}},"branchMap":{"0":{"loc":{"start":{"line":17,"column":12},"end":{"line":17,"column":30}},"type":"if","locations":[{"start":{"line":17,"column":12},"end":{"line":17,"column":30}},{"start":{},"end":{}}],"line":17},"1":{"loc":{"start":{"line":25,"column":15},"end":{"line":25,"column":72}},"type":"binary-expr","locations":[{"start":{"line":25,"column":15},"end":{"line":25,"column":44}},{"start":{"line":25,"column":48},"end":{"line":25,"column":72}}],"line":25},"2":{"loc":{"start":{"line":31,"column":8},"end":{"line":31,"column":26}},"type":"if","locations":[{"start":{"line":31,"column":8},"end":{"line":31,"column":26}},{"start":{},"end":{}}],"line":31}},"s":{"0":1,"1":1,"2":1,"3":1,"4":1,"5":0,"6":0,"7":0,"8":0,"9":1,"10":0,"11":0,"12":0,"13":0,"14":0,"15":0,"16":0,"17":1},"f":{"0":1,"1":0,"2":0,"3":0},"b":{"0":[0,0],"1":[0,0],"2":[0,0]},"_coverageSchema":"1a1c01bbd47fc00a2c39e90264f33305004495a9","hash":"11ec9063e776bf181f0d5de69f870e37be44467b"}
}
